<?xml version="1.0" encoding="UTF-8"?>
<testsuite xmlns:xsi="http://www.w3.org/2001/XMLSchema-instance" xsi:schemaLocation="https://maven.apache.org/surefire/maven-surefire-plugin/xsd/surefire-test-report.xsd" name="TestSuite" time="179.434" tests="14" errors="0" skipped="0" failures="0">
  <properties>
[...]
</properties>
  <testcase name="validateFrontedTestingCards" classname="scripts.TechGlobalFrontendTestingHomeTest" time="4.295"/>
  <testcase name="validateLoginForm" classname="scripts.TechGlobalLoginFormTest" time="0.168"/>
  <testcase name="validateFrontendTestingURL" classname="scripts.TechGlobalFrontendTestingHomeTest" time="2.116"/>
  <testcase name="validateUsername" classname="scripts.TechGlobalLoginFormTest" time="0.1"/>
  <testcase name="validatePassword" classname="scripts.TechGlobalLoginFormTest" time="0.099"/>
  <testcase name="validateLoginButton" classname="scripts.TechGlobalLoginFormTest" time="0.053"/>
  <testcase name="validateForgotPassword" classname="scripts.TechGlobalLoginFormTest" time="0.059"/>
  <testcase name="validateLoginWithCorrectCredentials" classname="scripts.TechGlobalLoginFormTest" time="2.557"/>
  <testcase name="validateLoginAndLogoutWithValidCredentials" classname="scripts.TechGlobalLoginFormTest" time="2.785"/>
  <testcase name="validateForgotPasswordLink" classname="scripts.TechGlobalLoginFormTest" time="0.242"/>
  <testcase name="validateLinkToResetPasswordHasBeenSentToEmail" classname="scripts.TechGlobalLoginFormTest" time="2.269"/>
  <testcase name="validateLoginWithInvalidUsername" classname="scripts.TechGlobalLoginFormTest" time="1.913"/>
  <testcase name="validateLoginWithInvalidPassword" classname="scripts.TechGlobalLoginFormTest" time="2.33"/>
  <testcase name="validateLoginWithBothInvalidCredentials" classname="scripts.TechGlobalLoginFormTest" time="1.937"/>
</testsuite>