<?xml version="1.0" encoding="UTF-8"?>
<!-- Generated by org.testng.reporters.JUnitXMLReporter -->
<testsuite hostname="Olenas-MacBook-Pro.local" ignored="0" name="AllFunctionalities" tests="14" failures="0" timestamp="2023-01-23T13:29:54 CST" time="178.893" errors="0">
  <testcase name="validateFrontedTestingCards" time="4.277" classname="scripts.TechGlobalFrontendTestingHomeTest"/>
  <testcase name="validateLoginForm" time="0.169" classname="scripts.TechGlobalLoginFormTest"/>
  <testcase name="validateFrontendTestingURL" time="2.115" classname="scripts.TechGlobalFrontendTestingHomeTest"/>
  <testcase name="validateUsername" time="0.098" classname="scripts.TechGlobalLoginFormTest"/>
  <testcase name="validatePassword" time="0.099" classname="scripts.TechGlobalLoginFormTest"/>
  <testcase name="validateLoginButton" time="0.052" classname="scripts.TechGlobalLoginFormTest"/>
  <testcase name="validateForgotPassword" time="0.059" classname="scripts.TechGlobalLoginFormTest"/>
  <testcase name="validateLoginWithCorrectCredentials" time="2.557" classname="scripts.TechGlobalLoginFormTest"/>
  <testcase name="validateLoginAndLogoutWithValidCredentials" time="2.783" classname="scripts.TechGlobalLoginFormTest"/>
  <testcase name="validateForgotPasswordLink" time="0.242" classname="scripts.TechGlobalLoginFormTest"/>
  <testcase name="validateLinkToResetPasswordHasBeenSentToEmail" time="2.269" classname="scripts.TechGlobalLoginFormTest"/>
  <testcase name="validateLoginWithInvalidUsername" time="1.913" classname="scripts.TechGlobalLoginFormTest"/>
  <testcase name="validateLoginWithInvalidPassword" time="2.329" classname="scripts.TechGlobalLoginFormTest"/>
  <testcase name="validateLoginWithBothInvalidCredentials" time="1.935" classname="scripts.TechGlobalLoginFormTest"/>
</testsuite> <!-- AllFunctionalities -->
